\BOOKMARK [0][-]{chapter.1}{\376\377\000B\000e\000v\000e\000z\000e\000t\000\351\000s}{}% 1
\BOOKMARK [0][-]{chapter.2}{\376\377\000S\000z\000\366\000v\000e\000g\000o\000s\000z\000t\000\341\000l\000y\000o\000z\000\341\000s\000i\000\040\000f\000e\000l\000a\000d\000a\000t\000\040\000\351\000s\000\040\000m\000\363\000d\000s\000z\000e\000r\000e\000k}{}% 2
\BOOKMARK [1][-]{section.2.1}{\376\377\000T\000e\000r\000m\000\351\000s\000z\000e\000t\000e\000s\000\040\000n\000y\000e\000l\000v\000f\000e\000l\000d\000o\000l\000g\000o\000z\000\341\000s}{chapter.2}% 3
\BOOKMARK [1][-]{section.2.2}{\376\377\000S\000z\000\366\000v\000e\000g\000o\000s\000z\000t\000\341\000l\000y\000o\000z\000\341\000s}{chapter.2}% 4
\BOOKMARK [1][-]{section.2.3}{\376\377\000A\000\040\000s\000z\000\366\000v\000e\000g\000o\000s\000z\000t\000\341\000l\000y\000o\000z\000\341\000s\000\040\000f\000o\000l\000y\000a\000m\000a\000t\000a}{chapter.2}% 5
\BOOKMARK [1][-]{section.2.4}{\376\377\000\301\000t\000t\000\351\000r\000\351\000s\000\040\000a\000\040\000h\000a\000g\000y\000o\000m\000\341\000n\000y\000o\000s\000\040\000m\000\363\000d\000s\000z\000e\000r\000e\000k\000r\001\121\000l\000\040\000a\000\040\000m\000\351\000l\000y\000t\000a\000n\000u\000l\000\341\000s\000i\000\040\000m\000\363\000d\000s\000z\000e\000r\000e\000k\000r\000e}{chapter.2}% 6
\BOOKMARK [1][-]{section.2.5}{\376\377\000F\000e\000l\000h\000a\000s\000z\000n\000\341\000l\000t\000\040\000m\000\363\000d\000s\000z\000e\000r\000e\000k}{chapter.2}% 7
\BOOKMARK [2][-]{subsection.2.5.1}{\376\377\000E\000l\001\121\000f\000e\000l\000d\000o\000l\000g\000o\000z\000\341\000s}{section.2.5}% 8
\BOOKMARK [2][-]{subsection.2.5.2}{\376\377\000M\000o\000d\000e\000l\000l}{section.2.5}% 9
\BOOKMARK [0][-]{chapter.3}{\376\377\000E\000l\001\121\000f\000e\000l\000d\000o\000l\000g\000o\000z\000\341\000s}{}% 10
\BOOKMARK [1][-]{section.3.1}{\376\377\000B\000e\000v\000e\000z\000e\000t\000\351\000s\000\040\000a\000\040\000f\000e\000j\000e\000z\000e\000t\000\040\000f\000e\000l\000\351\000p\000\355\000t\000\351\000s\000\351\000h\000e\000z}{chapter.3}% 11
\BOOKMARK [1][-]{section.3.2}{\376\377\000A\000d\000a\000t\000h\000a\000l\000m\000a\000z}{chapter.3}% 12
\BOOKMARK [2][-]{subsection.3.2.1}{\376\377\000A\000d\000a\000t\000h\000a\000l\000m\000a\000z\000\040\000e\000r\000e\000d\000e\000t\000e}{section.3.2}% 13
\BOOKMARK [2][-]{subsection.3.2.2}{\376\377\000A\000d\000a\000t\000h\000a\000l\000m\000a\000z\000\040\000s\000z\000e\000r\000k\000e\000z\000e\000t\000e\000\040\000\351\000s\000\040\000\351\000r\000t\000\351\000k\000e\000i}{section.3.2}% 14
\BOOKMARK [1][-]{section.3.3}{\376\377\000E\000l\001\121\000f\000e\000l\000d\000o\000l\000g\000o\000z\000\341\000s\000\040\000t\000e\000r\000v\000e\000z\000\351\000s\000e}{chapter.3}% 15
\BOOKMARK [2][-]{subsection.3.3.1}{\376\377\000E\000l\001\121\000f\000e\000l\000d\000o\000l\000g\000o\000z\000\341\000s\000\040\000s\000z\000\374\000k\000s\000\351\000g\000e\000s\000s\000\351\000g\000e}{section.3.3}% 16
\BOOKMARK [2][-]{subsection.3.3.2}{\376\377\000E\000l\001\121\000f\000e\000l\000d\000o\000l\000g\000o\000z\000\341\000s\000i\000\040\000f\000o\000l\000y\000a\000m\000a\000t}{section.3.3}% 17
\BOOKMARK [2][-]{subsection.3.3.3}{\376\377\000E\000l\001\121\000f\000e\000l\000d\000o\000l\000g\000o\000z\000\341\000s\000\040\000i\000m\000p\000l\000e\000m\000e\000n\000t\000\341\000l\000\341\000s\000a}{section.3.3}% 18
\BOOKMARK [2][-]{subsection.3.3.4}{\376\377\000F\000e\000l\000t\000\341\000r\000\363\000\040\000a\000d\000a\000t\000e\000l\000e\000m\000z\000\351\000s\000,\000\040\000a\000d\000a\000t\000t\000i\000s\000z\000t\000\355\000t\000\341\000s\000\040\000\351\000s\000\040\000e\000l\000l\000e\000n\001\121\000r\000z\000\351\000s}{section.3.3}% 19
\BOOKMARK [2][-]{subsection.3.3.5}{\376\377\000T\000o\000k\000e\000n\000i\000z\000\341\000l\000\341\000s\000\040\000\351\000s\000\040\000v\000a\000l\000i\000d\000\341\000l\000\341\000s\000a}{section.3.3}% 20
\BOOKMARK [0][-]{chapter.4}{\376\377\000A\000\040\000k\000l\000a\000s\000s\000z\000i\000f\000i\000k\000\341\000c\000i\000\363\000s\000\040\000m\000o\000d\000e\000l\000l\000\040\000\351\000s\000\040\000t\000a\000n\000\355\000t\000\341\000s\000i\000\040\000f\000o\000l\000y\000a\000m\000a\000t}{}% 21
\BOOKMARK [1][-]{section.4.1}{\376\377\000M\000o\000d\000e\000l\000l\000t\000e\000r\000v\000e\000z\000\351\000s}{chapter.4}% 22
\BOOKMARK [2][-]{subsection.4.1.1}{\376\377\000M\000o\000d\000e\000l\000l\000\040\000a\000r\000c\000h\000i\000t\000e\000k\000t\000\372\000r\000a}{section.4.1}% 23
\BOOKMARK [2][-]{subsection.4.1.2}{\376\377\000H\000i\000p\000e\000r\000p\000a\000r\000a\000m\000\351\000t\000e\000r\000-\000t\000\351\000r\000\040\000\351\000s\000\040\000o\000p\000t\000i\000m\000a\000l\000i\000z\000\341\000l\000\341\000s\000i\000\040\000s\000t\000r\000a\000t\000\351\000g\000i\000a}{section.4.1}% 24
\BOOKMARK [1][-]{section.4.2}{\376\377\000I\000m\000p\000l\000e\000m\000e\000n\000t\000\341\000c\000i\000\363}{chapter.4}% 25
\BOOKMARK [2][-]{subsection.4.2.1}{\376\377\000\301\000l\000l\000o\000m\000\341\000n\000y\000\040\000\351\000s\000\040\000k\000o\000n\000f\000i\000g\000u\000r\000\341\000c\000i\000\363\000k\000\040\000k\000e\000z\000e\000l\000\351\000s\000e}{section.4.2}% 26
\BOOKMARK [2][-]{subsection.4.2.2}{\376\377\000M\000o\000d\000e\000l\000l\000,\000\040\000h\000i\000p\000e\000r\000p\000a\000r\000a\000m\000\351\000t\000e\000r\000e\000k\000\040\000\351\000s\000\040\000t\000a\000n\000u\000l\000\341\000s\000i\000\040\000g\000\366\000r\000b\000e}{section.4.2}% 27
\BOOKMARK [0][-]{chapter.5}{\376\377\000K\000\355\000s\000\351\000r\000l\000e\000t\000e\000k\000\040\000\351\000s\000\040\000e\000r\000e\000d\000m\000\351\000n\000y\000e\000k}{}% 28
\BOOKMARK [1][-]{section.5.1}{\376\377\000H\000i\000p\000e\000r\000p\000a\000r\000a\000m\000\351\000t\000e\000r\000-\000o\000p\000t\000i\000m\000a\000l\000i\000z\000\341\000l\000\341\000s\000\040\000\351\000s\000\040\000t\000a\000n\000u\000l\000\341\000s\000i\000\040\000g\000\366\000r\000b\000e}{chapter.5}% 29
\BOOKMARK [2][-]{subsection.5.1.1}{\376\377\000K\000\355\000s\000\351\000r\000l\000e\000t\000i\000\040\000k\000\366\000r\000n\000y\000e\000z\000e\000t}{section.5.1}% 30
\BOOKMARK [2][-]{subsection.5.1.2}{\376\377\000A\000\040\000h\000\341\000r\000o\000m\000\040\000f\000\341\000z\000i\000s\000\040\000k\000e\000r\000e\000s\000\351\000s\000i\000\040\000t\000e\000r\000e}{section.5.1}% 31
\BOOKMARK [2][-]{subsection.5.1.3}{\376\377\000E\000l\000s\001\121\000\040\000f\000\341\000z\000i\000s\000:\000\040\000k\000e\000z\000d\000e\000t\000l\000e\000g\000e\000s\000\040\000k\000e\000r\000e\000s\000\351\000s\000i\000\040\000t\000\351\000r}{section.5.1}% 32
\BOOKMARK [2][-]{subsection.5.1.4}{\376\377\000M\000\341\000s\000o\000d\000i\000k\000\040\000f\000\341\000z\000i\000s\000:\000\040\000s\000z\001\161\000k\000\355\000t\000e\000t\000t\000\040\000t\000\351\000r}{section.5.1}% 33
\BOOKMARK [2][-]{subsection.5.1.5}{\376\377\000H\000a\000r\000m\000a\000d\000i\000k\000\040\000f\000\341\000z\000i\000s\000:\000\040\000\301\000l\000t\000a\000l\000\341\000n\000o\000s\000\355\000t\000\363\000\040\000k\000\351\000p\000e\000s\000s\000\351\000g}{section.5.1}% 34
\BOOKMARK [0][-]{chapter.6}{\376\377\000\326\000s\000s\000z\000e\000f\000o\000g\000l\000a\000l\000\341\000s\000\040\000\351\000s\000\040\000t\000o\000v\000\341\000b\000b\000h\000a\000l\000a\000d\000\341\000s\000i\000\040\000i\000r\000\341\000n\000y}{}% 35
\BOOKMARK [1][-]{section.6.1}{\376\377\000\326\000s\000s\000z\000e\000f\000o\000g\000l\000a\000l\000\341\000s\000\040\000\050\000m\000a\000g\000y\000a\000r\000\051}{chapter.6}% 36
\BOOKMARK [1][-]{section.6.2}{\376\377\000S\000u\000m\000m\000a\000r\000y\000\040\000\050\000e\000n\000g\000l\000i\000s\000h\000\051}{chapter.6}% 37
\BOOKMARK [0][-]{chapter*.9}{\376\377\000F\000o\000r\000r\000\341\000s\000o\000k}{}% 38
